Warning in <TInterpreter::ReadRootmapFile>: class  RooStarMomentMorph found in libdiphotonsRooUtils.so  is already in libHiggsAnalysisCombinedLimit.so 
Warning in <TInterpreter::ReadRootmapFile>: class  edm::Ptr<pat::PackedGenParticle> found in libDataFormatsPatCandidates.so  is already in libflashggDataFormats.so 
TClassTable::Add:0: RuntimeWarning: class RooStarMomentMorph already in TClassTable
TColor::TColor:0: RuntimeWarning: color 5974 already defined

--------------------------------------------------------------------------------------------------------------------------
Reading back workspace from ntuples4fit_pho_2HDMa_ma150_WithHggBR_met0_met130_cic_final_ws_MonoHgg.root 

ntuples4fit_pho_2HDMa_ma150_WithHggBR_met0_met130_cic_final_ws_MonoHgg.root
Reading back saved parameter  signals
Reading back saved parameter  aliases
Reading back saved parameter  preselection
Reading back saved parameter  signals
Reading back saved parameter  higgs
Reading back saved parameter  ggh
Reading back saved parameter  vbf
Reading back saved parameter  vh
Reading back saved parameter  tth
Fits :
---------------------------------------------------------
- cic 
  ndim : 2 
  components : all

TTrees :
---------------------------------------------------------
tree_sig_2HDMa_mA400_ma150_13TeV_cic_met130 :      726
tree_mc_cic_met0-130           :    49643
tree_sig_2HDMa_mA400_ma150_13TeV_cic_met0-130 :      793
tree_sig_2HDMa_mA500_ma150_13TeV_cic_met130 :     1467
tree_VHToGG_13TeV_cic_met0-130 :     6019
tree_mctruth_all_cic_met130    :       47
tree_mc_cic_met130             :       47
tree_GluGluHToGG_13TeV_cic_met0-130 :    12197
tree_sig_2HDMa_mA200_ma150_13TeV_cic_met130 :      250
tree_template_pf_cic_met130    :        9
tree_data_cic_met130           :       25
tree_sig_2HDMa_mA200_ma150_13TeV_cic_met0-130 :      346
tree_VBFHToGG_13TeV_cic_met130 :       29
tree_sig_2HDMa_mA600_ma150_13TeV_cic_met0-130 :      301
tree_sig_2HDMa_mA600_ma150_13TeV_cic_met130 :     1583
tree_VHToGG_13TeV_cic_met130   :     2646
tree_sig_2HDMa_mA500_ma150_13TeV_cic_met0-130 :      367
tree_ttHJetToGG_13TeV_cic_met0-130 :       58
tree_ttHJetToGG_13TeV_cic_met130 :       56
tree_data_cic_met0-130         :     3138
tree_mctruth_all_cic_met0-130  :    49643
tree_VBFHToGG_13TeV_cic_met0-130 :    22432
tree_sig_2HDMa_mA300_ma150_13TeV_cic_met130 :       12
tree_template_pf_cic_met0-130  :      954
tree_sig_2HDMa_mA300_ma150_13TeV_cic_met0-130 :       98
tree_GluGluHToGG_13TeV_cic_met130 :       11

Datasets :
---------------------------------------------------------
data_cic_met130                :        0
data_cic_met0-130              :        0
mc_cic_met130                  :        0
mc_cic_met0-130                :        0
sig_2HDMa_mA200_ma150_13TeV_cic_met130 :        0
sig_2HDMa_mA200_ma150_13TeV_cic_met0-130 :        0
sig_2HDMa_mA500_ma150_13TeV_cic_met130 :        0
sig_2HDMa_mA500_ma150_13TeV_cic_met0-130 :        0
sig_2HDMa_mA300_ma150_13TeV_cic_met130 :        0
sig_2HDMa_mA300_ma150_13TeV_cic_met0-130 :        0
sig_2HDMa_mA600_ma150_13TeV_cic_met130 :        0
sig_2HDMa_mA600_ma150_13TeV_cic_met0-130 :        0
sig_2HDMa_mA400_ma150_13TeV_cic_met130 :        0
sig_2HDMa_mA400_ma150_13TeV_cic_met0-130 :        0
GluGluHToGG_13TeV_cic_met130   :        0
GluGluHToGG_13TeV_cic_met0-130 :        0
VBFHToGG_13TeV_cic_met130      :        0
VBFHToGG_13TeV_cic_met0-130    :        0
VHToGG_13TeV_cic_met130        :        0
VHToGG_13TeV_cic_met0-130      :        0
ttHJetToGG_13TeV_cic_met130    :        0
ttHJetToGG_13TeV_cic_met0-130  :        0
mctruth_all_cic_met130         :        0
mctruth_all_cic_met0-130       :        0
template_pf_cic_met130         :        0
template_pf_cic_met0-130       :        0

Number of toys : 0

--------------------------------------------------------------------------------------------------------------------------
--------------------------------------------------------------------------------------------------------------------------
runnning background fit

importing data_cic_met130 as data for cat met130
workspace------------ NORM  = 23
importing data_cic_met0-130 as data for cat met0-130
workspace------------ NORM  = 2868


fitting category :  met130

component :  bkg
model : pow
shape source : data_cic_met130 23.0 25.0
normalization source:  data_cic_met130 23.0
  1) 0x6ba47e0 RooRealVar:: pow_model_bkg_met130_lin = -0.618627 +/- 1.32787  L(-100 - 100) B(1)  "pow_model_bkg_met130_lin"
Info in <TCanvas::Print>: eps file /eos/user/d/dbhowmik/www/Analysis/Fit_DiPhotonTools/ntuples4fit_pho_2HDMa_ma150_WithHggBR_met0_met130/ntuples4fit_pho_2HDMa_ma150_WithHggBR_met0_met130_cic_default_shapes_lumi_41.529/tmp_bkg_fit_bkg_met130.eps has been created
Info in <TCanvas::SaveAs>: ROOT file /eos/user/d/dbhowmik/www/Analysis/Fit_DiPhotonTools/ntuples4fit_pho_2HDMa_ma150_WithHggBR_met0_met130/ntuples4fit_pho_2HDMa_ma150_WithHggBR_met0_met130_cic_default_shapes_lumi_41.529/bkg_fit_bkg_met130.root has been created
None
plotBkgFit called HERE 3
~~~~~~~~~~~~~~~~~~~~~~~~~~~~NDATA:  23.0
~~~~~~~~~~~~~~~~~~~~~~~~~~~~Full Range:  22.843321858  +/-  4.77946878408
~~~~~~~~~~~~~~~~~~~~~~~~~~~~Integral value SIG:  1.958543794  +/-  1.3994798298
~~~~~~~~~~~~~~~~~~~~~~~~~~~~Integral value SB :  19.838556719  +/-  4.45404947425
~~~~~~~~~~~~~~~~~~~~~~~~~~~~ALPHA:  0.0987241068865  +/-  0.0739436521047
Plotting  model  bkg_met130 mgg None
Plotting dataset
Plotting pdf.... done
N= 38
blind0 = 500 and blind1 = 4000
0
105.0    107.0
1
107.0    109.0
2
109.0    111.0
3
111.0    113.0
4
113.0    115.0
5
115.0    117.0
6
117.0    119.0
7
119.0    121.0
8
121.0    123.0
9
123.0    125.0
10
125.0    127.0
11
127.0    129.0
12
129.0    131.0
13
131.0    133.0
14
133.0    135.0
15
135.0    137.0
16
137.0    139.0
17
139.0    141.0
18
141.0    143.0
19
143.0    145.0
20
145.0    147.0
21
147.0    149.0
22
149.0    151.0
23
151.0    153.0
24
153.0    155.0
25
155.0    157.0
26
157.0    159.0
27
159.0    161.0
28
161.0    163.0
29
163.0    165.0
30
165.0    167.0
31
167.0    169.0
32
169.0    171.0
33
171.0    173.0
34
173.0    175.0
35
175.0    177.0
36
177.0    179.0
37
179.0    181.0
Making fit error bands... computing error band ... 0 105.0 107.0 0.71967874644 0.300161685408 0.300161685408
computing error band ... 10 125.0 127.0 0.646689757695 0.159581792769 0.159581792769
computing error band ... 20 145.0 147.0 0.59035235719 0.128704959557 0.128704959557
computing error band ... 30 165.0 167.0 0.545277150315 0.17095557076 0.17095557076
bands_met130.root
done
None
Here 38
blind0 and blind1  500     4000
106.0    106.0
108.0    108.0
110.0    110.0
112.0    112.0
114.0    114.0
116.0    116.0
118.0    118.0
120.0    120.0
122.0    122.0
124.0    124.0
126.0    126.0
128.0    128.0
130.0    130.0
132.0    132.0
134.0    134.0
136.0    136.0
138.0    138.0
140.0    140.0
142.0    142.0
144.0    144.0
146.0    146.0
148.0    148.0
150.0    150.0
152.0    152.0
154.0    154.0
156.0    156.0
158.0    158.0
160.0    160.0
162.0    162.0
164.0    164.0
166.0    166.0
168.0    168.0
170.0    170.0
172.0    172.0
174.0    174.0
176.0    176.0
178.0    178.0
180.0    180.0




fitting category :  met0-130

component :  bkg
model : pow
shape source : data_cic_met0-130 2868.0 3138.0
normalization source:  data_cic_met0-130 2868.0
  1) 0x6cfdd50 RooRealVar:: pow_model_bkg_met0-130_lin = -2.61285 +/- 0.121075  L(-100 - 100) B(1)  "pow_model_bkg_met0-130_lin"
gs: /cvmfs/cms.cern.ch/slc7_amd64_gcc630/cms/cmssw/CMSSW_9_4_9/external/slc7_amd64_gcc630/lib/libtiff.so.5: no version information available (required by /lib64/libgs.so.9)
Fontconfig warning: ignoring UTF-8: not a valid region tag
Info in <TCanvas::Print>: eps file /eos/user/d/dbhowmik/www/Analysis/Fit_DiPhotonTools/ntuples4fit_pho_2HDMa_ma150_WithHggBR_met0_met130/ntuples4fit_pho_2HDMa_ma150_WithHggBR_met0_met130_cic_default_shapes_lumi_41.529/tmp_bkg_fit_bkg_met0-130.eps has been created
gs: /cvmfs/cms.cern.ch/slc7_amd64_gcc630/cms/cmssw/CMSSW_9_4_9/external/slc7_amd64_gcc630/lib/libtiff.so.5: no version information available (required by /lib64/libgs.so.9)
Fontconfig warning: ignoring UTF-8: not a valid region tag
Info in <TCanvas::SaveAs>: ROOT file /eos/user/d/dbhowmik/www/Analysis/Fit_DiPhotonTools/ntuples4fit_pho_2HDMa_ma150_WithHggBR_met0_met130/ntuples4fit_pho_2HDMa_ma150_WithHggBR_met0_met130_cic_default_shapes_lumi_41.529/bkg_fit_bkg_met0-130.root has been created
None
plotBkgFit called HERE 3
~~~~~~~~~~~~~~~~~~~~~~~~~~~~NDATA:  2868.0
~~~~~~~~~~~~~~~~~~~~~~~~~~~~Full Range:  2906.87189037  +/-  53.9154142187
~~~~~~~~~~~~~~~~~~~~~~~~~~~~Integral value SIG:  292.771810776  +/-  17.1105759919
~~~~~~~~~~~~~~~~~~~~~~~~~~~~Integral value SB :  2436.79777271  +/-  49.3639319008
~~~~~~~~~~~~~~~~~~~~~~~~~~~~ALPHA:  0.120146125401  +/-  0.00743160264905
Plotting  model  bkg_met0-130 mgg None
Plotting dataset
Plotting pdf.... done
N= 38
blind0 = 500 and blind1 = 4000
0
105.0    107.0
1
107.0    109.0
2
109.0    111.0
3
111.0    113.0
4
113.0    115.0
5
115.0    117.0
6
117.0    119.0
7
119.0    121.0
8
121.0    123.0
9
123.0    125.0
10
125.0    127.0
11
127.0    129.0
12
129.0    131.0
13
131.0    133.0
14
133.0    135.0
15
135.0    137.0
16
137.0    139.0
17
139.0    141.0
18
141.0    143.0
19
143.0    145.0
20
145.0    147.0
21
147.0    149.0
22
149.0    151.0
23
151.0    153.0
24
153.0    155.0
25
155.0    157.0
26
157.0    159.0
27
159.0    161.0
28
161.0    163.0
29
163.0    165.0
30
165.0    167.0
31
167.0    169.0
32
169.0    171.0
33
171.0    173.0
34
173.0    175.0
35
175.0    177.0
36
177.0    179.0
37
179.0    181.0
Making fit error bands... computing error band ... 0 105.0 107.0 147.116434772 4.83644183901 4.83644183901
computing error band ... 10 125.0 127.0 93.6429121319 1.840161091 1.840161091
computing error band ... 20 145.0 147.0 63.7185079333 1.40354729749 1.40354729749
computing error band ... 30 165.0 167.0 45.5578902533 1.50630887642 1.50630887642
bands_met0-130.root
done
None
Here 38
blind0 and blind1  500     4000
106.0    106.0
108.0    108.0
110.0    110.0
112.0    112.0
114.0    114.0
116.0    116.0
118.0    118.0
120.0    120.0
122.0    122.0
124.0    124.0
126.0    126.0
128.0    128.0
130.0    130.0
132.0    132.0
134.0    134.0
136.0    136.0
138.0    138.0
140.0    140.0
142.0    142.0
144.0    144.0
146.0    146.0
148.0    148.0
150.0    150.0
152.0    152.0
154.0    154.0
156.0    156.0
158.0    158.0
160.0    160.0
162.0    162.0
164.0    164.0
166.0    166.0
168.0    168.0
170.0    170.0
172.0    172.0
174.0    174.0
176.0    176.0
178.0    178.0
180.0    180.0



ntuples4fit_pho_2HDMa_ma150_WithHggBR_met0_met130_cic_default_shapes_lumi_41.529/ntuples4fit_pho_2HDMa_ma150_WithHggBR_met0_met130_cic_default_shapes_lumi_41.529_MonoHgg.root
--------------------------------------------------------------------------------------------------------------------------
saving output

writing workspace ... done
--------------------------------------------------------------------------------------------------------------------------

--------------------------------------------------------------------------------------------------------------------------
generating signal dataset

Integral signal pdf    : 0.661647982197
plotBkgFit called HERE 9
computing energy scale
RooHistPdf::model_signal_sig_2HDMa_mA200_ma150_13TeV_met130_energyScalemet130Up[ pdfObs=(mgg) ] = 56.2597
RooHistPdf::model_signal_sig_2HDMa_mA200_ma150_13TeV_met130_energyScalemet130Down[ pdfObs=(mgg) ] = 154.029
Integral signal pdf    : 0.911701219855
plotBkgFit called HERE 9
computing energy scale
RooHistPdf::model_signal_sig_2HDMa_mA200_ma150_13TeV_met0-130_energyScalemet0-130Up[ pdfObs=(mgg) ] = 49.2761
RooHistPdf::model_signal_sig_2HDMa_mA200_ma150_13TeV_met0-130_energyScalemet0-130Down[ pdfObs=(mgg) ] = 193.239
ntuples4fit_pho_2HDMa_ma150_WithHggBR_met0_met130_cic_default_shapes_lumi_41.529/sig_2HDMa_mA200_ma150_13TeV.root
--------------------------------------------------------------------------------------------------------------------------
saving output

writing workspace ... done
--------------------------------------------------------------------------------------------------------------------------

Integral signal pdf    : 5.67479970562
plotBkgFit called HERE 9
computing energy scale
RooHistPdf::model_signal_sig_2HDMa_mA500_ma150_13TeV_met130_energyScalemet130Up[ pdfObs=(mgg) ] = 48.7706
RooHistPdf::model_signal_sig_2HDMa_mA500_ma150_13TeV_met130_energyScalemet130Down[ pdfObs=(mgg) ] = 180.165
Integral signal pdf    : 1.41830112017
plotBkgFit called HERE 9
computing energy scale
RooHistPdf::model_signal_sig_2HDMa_mA500_ma150_13TeV_met0-130_energyScalemet0-130Up[ pdfObs=(mgg) ] = 32.6501
RooHistPdf::model_signal_sig_2HDMa_mA500_ma150_13TeV_met0-130_energyScalemet0-130Down[ pdfObs=(mgg) ] = 197.041
ntuples4fit_pho_2HDMa_ma150_WithHggBR_met0_met130_cic_default_shapes_lumi_41.529/sig_2HDMa_mA500_ma150_13TeV.root
--------------------------------------------------------------------------------------------------------------------------
saving output

writing workspace ... done
--------------------------------------------------------------------------------------------------------------------------

Integral signal pdf    : 0.142981073819
plotBkgFit called HERE 9
computing energy scale
RooHistPdf::model_signal_sig_2HDMa_mA300_ma150_13TeV_met130_energyScalemet130Up[ pdfObs=(mgg) ] = 82.5225
RooHistPdf::model_signal_sig_2HDMa_mA300_ma150_13TeV_met130_energyScalemet130Down[ pdfObs=(mgg) ] = 207.42
Integral signal pdf    : 1.17198031582
plotBkgFit called HERE 9
computing energy scale
RooHistPdf::model_signal_sig_2HDMa_mA300_ma150_13TeV_met0-130_energyScalemet0-130Up[ pdfObs=(mgg) ] = 35.5919
RooHistPdf::model_signal_sig_2HDMa_mA300_ma150_13TeV_met0-130_energyScalemet0-130Down[ pdfObs=(mgg) ] = 148.007
ntuples4fit_pho_2HDMa_ma150_WithHggBR_met0_met130_cic_default_shapes_lumi_41.529/sig_2HDMa_mA300_ma150_13TeV.root
--------------------------------------------------------------------------------------------------------------------------
saving output

writing workspace ... done
--------------------------------------------------------------------------------------------------------------------------

Integral signal pdf    : 3.47058038786
plotBkgFit called HERE 9
computing energy scale
RooHistPdf::model_signal_sig_2HDMa_mA600_ma150_13TeV_met130_energyScalemet130Up[ pdfObs=(mgg) ] = 45.5431
RooHistPdf::model_signal_sig_2HDMa_mA600_ma150_13TeV_met130_energyScalemet130Down[ pdfObs=(mgg) ] = 178.296
Integral signal pdf    : 0.658743702341
plotBkgFit called HERE 9
computing energy scale
RooHistPdf::model_signal_sig_2HDMa_mA600_ma150_13TeV_met0-130_energyScalemet0-130Up[ pdfObs=(mgg) ] = 53.1214
RooHistPdf::model_signal_sig_2HDMa_mA600_ma150_13TeV_met0-130_energyScalemet0-130Down[ pdfObs=(mgg) ] = 159.258
ntuples4fit_pho_2HDMa_ma150_WithHggBR_met0_met130_cic_default_shapes_lumi_41.529/sig_2HDMa_mA600_ma150_13TeV.root
--------------------------------------------------------------------------------------------------------------------------
saving output

writing workspace ... done
--------------------------------------------------------------------------------------------------------------------------

Integral signal pdf    : 5.28503831942
plotBkgFit called HERE 9
computing energy scale
RooHistPdf::model_signal_sig_2HDMa_mA400_ma150_13TeV_met130_energyScalemet130Up[ pdfObs=(mgg) ] = 37.9572
RooHistPdf::model_signal_sig_2HDMa_mA400_ma150_13TeV_met130_energyScalemet130Down[ pdfObs=(mgg) ] = 172.222
Integral signal pdf    : 5.76302755671
plotBkgFit called HERE 9
computing energy scale
RooHistPdf::model_signal_sig_2HDMa_mA400_ma150_13TeV_met0-130_energyScalemet0-130Up[ pdfObs=(mgg) ] = 50.7585
RooHistPdf::model_signal_sig_2HDMa_mA400_ma150_13TeV_met0-130_energyScalemet0-130Down[ pdfObs=(mgg) ] = 168.431
ntuples4fit_pho_2HDMa_ma150_WithHggBR_met0_met130_cic_default_shapes_lumi_41.529/sig_2HDMa_mA400_ma150_13TeV.root
--------------------------------------------------------------------------------------------------------------------------
saving output

writing workspace ... done
--------------------------------------------------------------------------------------------------------------------------

--------------------------------------------------------------------------------------------------------------------------
generating SM higgs datasets

GluGluHToGG_13TeV
VBFHToGG_13TeV
VHToGG_13TeV
ttHJetToGG_13TeV
GluGluHToGG_13TeV
GluGluHToGG_13TeV_cic_met130
Integral higgs pdf    : 1.50061519258
computing energy scale
RooHistPdf::model_higgs_GluGluHToGG_13TeV_met130_energyScalemet130Up[ pdfObs=(mgg) ] = 0
RooHistPdf::model_higgs_GluGluHToGG_13TeV_met130_energyScalemet130Down[ pdfObs=(mgg) ] = 0
GluGluHToGG_13TeV_cic_met0-130
Integral higgs pdf    : 3252.72659219
computing energy scale
RooHistPdf::model_higgs_GluGluHToGG_13TeV_met0-130_energyScalemet0-130Up[ pdfObs=(mgg) ] = 51.1507
RooHistPdf::model_higgs_GluGluHToGG_13TeV_met0-130_energyScalemet0-130Down[ pdfObs=(mgg) ] = 177.25
ntuples4fit_pho_2HDMa_ma150_WithHggBR_met0_met130_cic_default_shapes_lumi_41.529/GluGluHToGG_13TeV.root
--------------------------------------------------------------------------------------------------------------------------
saving output

writing workspace ... done
--------------------------------------------------------------------------------------------------------------------------

VBFHToGG_13TeV
VBFHToGG_13TeV_cic_met130
Integral higgs pdf    : 0.119907292987
computing energy scale
RooHistPdf::model_higgs_VBFHToGG_13TeV_met130_energyScalemet130Up[ pdfObs=(mgg) ] = 0
RooHistPdf::model_higgs_VBFHToGG_13TeV_met130_energyScalemet130Down[ pdfObs=(mgg) ] = 234.572
VBFHToGG_13TeV_cic_met0-130
Integral higgs pdf    : 73.1573018667
computing energy scale
RooHistPdf::model_higgs_VBFHToGG_13TeV_met0-130_energyScalemet0-130Up[ pdfObs=(mgg) ] = 52.2494
RooHistPdf::model_higgs_VBFHToGG_13TeV_met0-130_energyScalemet0-130Down[ pdfObs=(mgg) ] = 178.094
ntuples4fit_pho_2HDMa_ma150_WithHggBR_met0_met130_cic_default_shapes_lumi_41.529/VBFHToGG_13TeV.root
--------------------------------------------------------------------------------------------------------------------------
saving output

writing workspace ... done
--------------------------------------------------------------------------------------------------------------------------

VHToGG_13TeV
VHToGG_13TeV_cic_met130
Integral higgs pdf    : 15.6903606503
computing energy scale
RooHistPdf::model_higgs_VHToGG_13TeV_met130_energyScalemet130Up[ pdfObs=(mgg) ] = 49.8979
RooHistPdf::model_higgs_VHToGG_13TeV_met130_energyScalemet130Down[ pdfObs=(mgg) ] = 136.663
VHToGG_13TeV_cic_met0-130
Integral higgs pdf    : 36.1721415934
computing energy scale
RooHistPdf::model_higgs_VHToGG_13TeV_met0-130_energyScalemet0-130Up[ pdfObs=(mgg) ] = 57.7521
RooHistPdf::model_higgs_VHToGG_13TeV_met0-130_energyScalemet0-130Down[ pdfObs=(mgg) ] = 166.507
ntuples4fit_pho_2HDMa_ma150_WithHggBR_met0_met130_cic_default_shapes_lumi_41.529/VHToGG_13TeV.root
--------------------------------------------------------------------------------------------------------------------------
saving output

writing workspace ... done
--------------------------------------------------------------------------------------------------------------------------

ttHJetToGG_13TeV
ttHJetToGG_13TeV_cic_met130
Integral higgs pdf    : 0.124460349636
computing energy scale
RooHistPdf::model_higgs_ttHJetToGG_13TeV_met130_energyScalemet130Up[ pdfObs=(mgg) ] = 5.59799
RooHistPdf::model_higgs_ttHJetToGG_13TeV_met130_energyScalemet130Down[ pdfObs=(mgg) ] = 134.058
ttHJetToGG_13TeV_cic_met0-130
Integral higgs pdf    : 0.100120196462
computing energy scale
RooHistPdf::model_higgs_ttHJetToGG_13TeV_met0-130_energyScalemet0-130Up[ pdfObs=(mgg) ] = 58.6916
RooHistPdf::model_higgs_ttHJetToGG_13TeV_met0-130_energyScalemet0-130Down[ pdfObs=(mgg) ] = 200.04
ntuples4fit_pho_2HDMa_ma150_WithHggBR_met0_met130_cic_default_shapes_lumi_41.529/ttHJetToGG_13TeV.root
--------------------------------------------------------------------------------------------------------------------------
saving output

writing workspace ... done
--------------------------------------------------------------------------------------------------------------------------

--------------------------------------------------------------------------------------------------------------------------
generating datacard(s)
--------------------------------------------------------------------------------------------------------------------------
ntuples4fit_pho_2HDMa_ma150_WithHggBR_met0_met130_cic_default_shapes_lumi_41.529/dataCard_sig_2HDMa_mA200_ma150_13TeV.txt

signal        : sig_2HDMa_mA200_ma150_13TeV
ggh           : GluGluHToGG_13TeV
vbf           : VBFHToGG_13TeV
vh            : VHToGG_13TeV
tth           : ttHJetToGG_13TeV
signal     ws : sig_2HDMa_mA200_ma150_13TeV.root
background ws : ntuples4fit_pho_2HDMa_ma150_WithHggBR_met0_met130_cic_default_shapes_lumi_41.529_MonoHgg.root
ggh        ws : GluGluHToGG_13TeV.root
vbf        ws : VBFHToGG_13TeV.root
vh         ws : VHToGG_13TeV.root
tth        ws : ttHJetToGG_13TeV.root
datacard      : dataCard_sig_2HDMa_mA200_ma150_13TeV.txt

[u'met0-130']
[u'met130']
ntuples4fit_pho_2HDMa_ma150_WithHggBR_met0_met130_cic_default_shapes_lumi_41.529/dataCard_sig_2HDMa_mA500_ma150_13TeV.txt

signal        : sig_2HDMa_mA500_ma150_13TeV
ggh           : GluGluHToGG_13TeV
vbf           : VBFHToGG_13TeV
vh            : VHToGG_13TeV
tth           : ttHJetToGG_13TeV
signal     ws : sig_2HDMa_mA500_ma150_13TeV.root
background ws : ntuples4fit_pho_2HDMa_ma150_WithHggBR_met0_met130_cic_default_shapes_lumi_41.529_MonoHgg.root
ggh        ws : GluGluHToGG_13TeV.root
vbf        ws : VBFHToGG_13TeV.root
vh         ws : VHToGG_13TeV.root
tth        ws : ttHJetToGG_13TeV.root
datacard      : dataCard_sig_2HDMa_mA500_ma150_13TeV.txt

[u'met0-130']
[u'met130']
ntuples4fit_pho_2HDMa_ma150_WithHggBR_met0_met130_cic_default_shapes_lumi_41.529/dataCard_sig_2HDMa_mA300_ma150_13TeV.txt

signal        : sig_2HDMa_mA300_ma150_13TeV
ggh           : GluGluHToGG_13TeV
vbf           : VBFHToGG_13TeV
vh            : VHToGG_13TeV
tth           : ttHJetToGG_13TeV
signal     ws : sig_2HDMa_mA300_ma150_13TeV.root
background ws : ntuples4fit_pho_2HDMa_ma150_WithHggBR_met0_met130_cic_default_shapes_lumi_41.529_MonoHgg.root
ggh        ws : GluGluHToGG_13TeV.root
vbf        ws : VBFHToGG_13TeV.root
vh         ws : VHToGG_13TeV.root
tth        ws : ttHJetToGG_13TeV.root
datacard      : dataCard_sig_2HDMa_mA300_ma150_13TeV.txt

[u'met0-130']
[u'met130']
ntuples4fit_pho_2HDMa_ma150_WithHggBR_met0_met130_cic_default_shapes_lumi_41.529/dataCard_sig_2HDMa_mA600_ma150_13TeV.txt

signal        : sig_2HDMa_mA600_ma150_13TeV
ggh           : GluGluHToGG_13TeV
vbf           : VBFHToGG_13TeV
vh            : VHToGG_13TeV
tth           : ttHJetToGG_13TeV
signal     ws : sig_2HDMa_mA600_ma150_13TeV.root
background ws : ntuples4fit_pho_2HDMa_ma150_WithHggBR_met0_met130_cic_default_shapes_lumi_41.529_MonoHgg.root
ggh        ws : GluGluHToGG_13TeV.root
vbf        ws : VBFHToGG_13TeV.root
vh         ws : VHToGG_13TeV.root
tth        ws : ttHJetToGG_13TeV.root
datacard      : dataCard_sig_2HDMa_mA600_ma150_13TeV.txt

[u'met0-130']
[u'met130']
ntuples4fit_pho_2HDMa_ma150_WithHggBR_met0_met130_cic_default_shapes_lumi_41.529/dataCard_sig_2HDMa_mA400_ma150_13TeV.txt

signal        : sig_2HDMa_mA400_ma150_13TeV
ggh           : GluGluHToGG_13TeV
vbf           : VBFHToGG_13TeV
vh            : VHToGG_13TeV
tth           : ttHJetToGG_13TeV
signal     ws : sig_2HDMa_mA400_ma150_13TeV.root
background ws : ntuples4fit_pho_2HDMa_ma150_WithHggBR_met0_met130_cic_default_shapes_lumi_41.529_MonoHgg.root
ggh        ws : GluGluHToGG_13TeV.root
vbf        ws : VBFHToGG_13TeV.root
vh         ws : VHToGG_13TeV.root
tth        ws : ttHJetToGG_13TeV.root
datacard      : dataCard_sig_2HDMa_mA400_ma150_13TeV.txt

[u'met0-130']
[u'met130']
--------------------------------------------------------------------------------------------------------------------------
--------------------------------------------------------------------------------------------------------------------------
runnning background fit

importing data_cic_met130 as data for cat met130
plotting------------ NORM  = 23
importing data_cic_met0-130 as data for cat met0-130
plotting------------ NORM  = 2868


fitting category :  met130

component :  bkg
model : pow
shape source : data_cic_met130 23.0 25.0
normalization source:  data_cic_met130 23.0
  1) 0xb583860 RooRealVar:: pow_model_bkg_met130_lin = -0.647149 +/- 1.32766  L(-100 - 100) B(1)  "pow_model_bkg_met130_lin"
Error in <TFile::WriteTObject>: Directory /afs/cern.ch/work/d/dbhowmik/public/Analysis/MHgg/2017Analysis/Fit_DiPhotonTools/CMSSW_9_4_9/src/diphotons/Analysis/macros/bands_met130.root is not writable
Error in <TFile::WriteTObject>: Directory /afs/cern.ch/work/d/dbhowmik/public/Analysis/MHgg/2017Analysis/Fit_DiPhotonTools/CMSSW_9_4_9/src/diphotons/Analysis/macros/bands_met130.root is not writable
Error in <TFile::WriteTObject>: Directory /afs/cern.ch/work/d/dbhowmik/public/Analysis/MHgg/2017Analysis/Fit_DiPhotonTools/CMSSW_9_4_9/src/diphotons/Analysis/macros/bands_met130.root is not writable
Error in <THistPainter::PaintInit>: log scale requested with a negative argument (-0.388972)
Error in <THistPainter::PaintInit>: log scale requested with a negative argument (-0.388972)
Error in <THistPainter::PaintInit>: log scale requested with a negative argument (-0.388972)
Error in <THistPainter::PaintInit>: log scale requested with a negative argument (-0.388972)
Info in <TCanvas::Print>: eps file /eos/user/d/dbhowmik/www/Analysis/Fit_DiPhotonTools/ntuples4fit_pho_2HDMa_ma150_WithHggBR_met0_met130/ntuples4fit_pho_2HDMa_ma150_WithHggBR_met0_met130_cic_default_shapes_lumi_41.529/tmp_bkg_fit_bkg_met130.eps has been created
gs: /cvmfs/cms.cern.ch/slc7_amd64_gcc630/cms/cmssw/CMSSW_9_4_9/external/slc7_amd64_gcc630/lib/libtiff.so.5: no version information available (required by /lib64/libgs.so.9)
Fontconfig warning: ignoring UTF-8: not a valid region tag
Info in <TCanvas::SaveAs>: ROOT file /eos/user/d/dbhowmik/www/Analysis/Fit_DiPhotonTools/ntuples4fit_pho_2HDMa_ma150_WithHggBR_met0_met130/ntuples4fit_pho_2HDMa_ma150_WithHggBR_met0_met130_cic_default_shapes_lumi_41.529/bkg_fit_bkg_met130.root has been created
Error in <TFile::WriteTObject>: Directory /afs/cern.ch/work/d/dbhowmik/public/Analysis/MHgg/2017Analysis/Fit_DiPhotonTools/CMSSW_9_4_9/src/diphotons/Analysis/macros/bands_met130.root is not writable
Error in <TFile::WriteTObject>: Directory /afs/cern.ch/work/d/dbhowmik/public/Analysis/MHgg/2017Analysis/Fit_DiPhotonTools/CMSSW_9_4_9/src/diphotons/Analysis/macros/bands_met130.root is not writable
Error in <TFile::WriteTObject>: Directory /afs/cern.ch/work/d/dbhowmik/public/Analysis/MHgg/2017Analysis/Fit_DiPhotonTools/CMSSW_9_4_9/src/diphotons/Analysis/macros/bands_met130.root is not writable
None
plotBkgFit called HERE 6
~~~~~~~~~~~~~~~~~~~~~~~~~~~~NDATA:  23.0
~~~~~~~~~~~~~~~~~~~~~~~~~~~~Full Range:  22.8500441599  +/-  4.78017198016
~~~~~~~~~~~~~~~~~~~~~~~~~~~~Integral value SIG:  1.96495377228  +/-  1.40176808791
~~~~~~~~~~~~~~~~~~~~~~~~~~~~Integral value SB :  19.8326875541  +/-  4.45339056833
~~~~~~~~~~~~~~~~~~~~~~~~~~~~ALPHA:  0.0990765254036  +/-  0.0740983546863
Plotting  model  bkg_met130 mgg None
Plotting dataset
Plotting pdf.... done
N= 38
0
105.0    107.0
1
107.0    109.0
2
109.0    111.0
3
111.0    113.0
4
113.0    115.0
5
115.0    117.0
6
117.0    119.0
7
119.0    121.0
8
121.0    123.0
9
123.0    125.0
10
125.0    127.0
11
127.0    129.0
12
129.0    131.0
13
131.0    133.0
14
133.0    135.0
15
135.0    137.0
16
137.0    139.0
17
139.0    141.0
18
141.0    143.0
19
143.0    145.0
20
145.0    147.0
21
147.0    149.0
22
149.0    151.0
23
151.0    153.0
24
153.0    155.0
25
155.0    157.0
26
157.0    159.0
27
159.0    161.0
28
161.0    163.0
29
163.0    165.0
30
165.0    167.0
31
167.0    169.0
32
169.0    171.0
33
171.0    173.0
34
173.0    175.0
35
175.0    177.0
36
177.0    179.0
37
179.0    181.0
Making fit error bands... computing error band ... 0 105.0 107.0 0.725282786175 0.300417485206 0.300417485206
computing error band ... 10 125.0 127.0 0.648519920702 0.159581864614 0.159581864614
computing error band ... 20 145.0 147.0 0.589540323592 0.128703758738 0.128703758738
computing error band ... 30 165.0 167.0 0.542536694542 0.170944834833 0.170944834833
bands_met130.root
done
None
Here 38
106.0    106.0
108.0    108.0
110.0    110.0
112.0    112.0
114.0    114.0
116.0    116.0
118.0    118.0
120.0    120.0
122.0    122.0
124.0    124.0
126.0    126.0
128.0    128.0
130.0    130.0
132.0    132.0
134.0    134.0
136.0    136.0
138.0    138.0
140.0    140.0
142.0    142.0
144.0    144.0
146.0    146.0
148.0    148.0
150.0    150.0
152.0    152.0
154.0    154.0
156.0    156.0
158.0    158.0
160.0    160.0
162.0    162.0
164.0    164.0
166.0    166.0
168.0    168.0
170.0    170.0
172.0    172.0
174.0    174.0
176.0    176.0
178.0    178.0
180.0    180.0
-------------------------------------> ntuples4fit_pho_2HDMa_ma150_WithHggBR_met0_met130_cic_default_shapes_lumi_41.529
-------------------------------------------> 23.0 18.6903606503 0.187375623901


plotBkgFit called HERE 7
~~~~~~~~~~~~~~~~~~~~~~~~~~~~NDATA:  23.0
~~~~~~~~~~~~~~~~~~~~~~~~~~~~Full Range:  22.8500441599  +/-  4.78017198016
~~~~~~~~~~~~~~~~~~~~~~~~~~~~Integral value SIG:  1.96495377228  +/-  1.40176808791
~~~~~~~~~~~~~~~~~~~~~~~~~~~~Integral value SB :  19.8326875541  +/-  4.45339056833
~~~~~~~~~~~~~~~~~~~~~~~~~~~~ALPHA:  0.0990765254036  +/-  0.0740983546863
Plotting  model  bkg_met130_lin mgg None
Plotting dataset
Plotting pdf.... done
N= 38
0
105.0    107.0
1
107.0    109.0
2
109.0    111.0
3
111.0    113.0
4
113.0    115.0
5
115.0    117.0
6
117.0    119.0
7
119.0    121.0
8
121.0    123.0
9
123.0    125.0
10
125.0    127.0
11
127.0    129.0
12
129.0    131.0
13
131.0    133.0
14
133.0    135.0
15
135.0    137.0
16
137.0    139.0
17
139.0    141.0
18
141.0    143.0
19
143.0    145.0
20
145.0    147.0
21
147.0    149.0
22
149.0    151.0
23
151.0    153.0
24
153.0    155.0
25
155.0    157.0
26
157.0    159.0
27
159.0    161.0
28
161.0    163.0
29
163.0    165.0
30
165.0    167.0
31
167.0    169.0
32
169.0    171.0
33
171.0    173.0
34
173.0    175.0
35
175.0    177.0
36
177.0    179.0
37
179.0    181.0
Making fit error bands... computing error band ... 0 105.0 107.0 0.725282786175 0.30041756884 0.30041756884
computing error band ... 10 125.0 127.0 0.648519920702 0.15958184221 0.15958184221
computing error band ... 20 145.0 147.0 0.589540323592 0.128703755599 0.128703755599
computing error band ... 30 165.0 167.0 0.542536694542 0.170944848384 0.170944848384
bands_met130.root
done
None
Here 38
106.0    106.0
108.0    108.0
110.0    110.0
112.0    112.0
114.0    114.0
116.0    116.0
118.0    118.0
120.0    120.0
122.0    122.0
124.0    124.0
126.0    126.0
128.0    128.0
130.0    130.0
132.0    132.0
134.0    134.0
136.0    136.0
138.Info in <TCanvas::Print>: eps file /eos/user/d/dbhowmik/www/Analysis/Fit_DiPhotonTools/ntuples4fit_pho_2HDMa_ma150_WithHggBR_met0_met130/ntuples4fit_pho_2HDMa_ma150_WithHggBR_met0_met130_cic_default_shapes_lumi_41.529/tmp_bkg_fit_bkg_met130_lin.eps has been created
gs: /cvmfs/cms.cern.ch/slc7_amd64_gcc630/cms/cmssw/CMSSW_9_4_9/external/slc7_amd64_gcc630/lib/libtiff.so.5: no version information available (required by /lib64/libgs.so.9)
Info in <TCanvas::SaveAs>: ROOT file /eos/user/d/dbhowmik/www/Analysis/Fit_DiPhotonTools/ntuples4fit_pho_2HDMa_ma150_WithHggBR_met0_met130/ntuples4fit_pho_2HDMa_ma150_WithHggBR_met0_met130_cic_default_shapes_lumi_41.529/bkg_fit_bkg_met130_lin.root has been created
0    138.0
140.0    140.0
142.0    142.0
144.0    144.0
146.0    146.0
148.0    148.0
150.0    150.0
152.0    152.0
154.0    154.0
156.0    156.0
158.0    158.0
160.0    160.0
162.0    162.0
164.0    164.0
166.0    166.0
168.0    168.0
170.0    170.0
172.0    172.0
174.0    174.0
176.0    176.0
178.0    178.0
180.0    180.0
-------------------------------------> ntuples4fit_pho_2HDMa_ma150_WithHggBR_met0_met130_cic_default_shapes_lumi_41.529
-------------------------------------------> 23.0 18.6903606503 0.187375623901



fitting category :  met0-130

component :  bkg
model : pow
shape source : data_cic_met0-130 2868.0 3138.0
normalization source:  data_cic_met0-130 2868.0
  1) 0xb598e90 RooRealVar:: pow_model_bkg_met0-130_lin = -2.61091 +/- 0.12107  L(-100 - 100) B(1)  "pow_model_bkg_met0-130_lin"
Fontconfig warning: ignoring UTF-8: not a valid region tag
Error in <TFile::WriteTObject>: Directory /afs/cern.ch/work/d/dbhowmik/public/Analysis/MHgg/2017Analysis/Fit_DiPhotonTools/CMSSW_9_4_9/src/diphotons/Analysis/macros/bands_met0-130.root is not writable
Error in <TFile::WriteTObject>: Directory /afs/cern.ch/work/d/dbhowmik/public/Analysis/MHgg/2017Analysis/Fit_DiPhotonTools/CMSSW_9_4_9/src/diphotons/Analysis/macros/bands_met0-130.root is not writable
Error in <TFile::WriteTObject>: Directory /afs/cern.ch/work/d/dbhowmik/public/Analysis/MHgg/2017Analysis/Fit_DiPhotonTools/CMSSW_9_4_9/src/diphotons/Analysis/macros/bands_met0-130.root is not writable
Error in <THistPainter::PaintInit>: log scale requested with a negative argument (-0.679697)
Error in <THistPainter::PaintInit>: log scale requested with a negative argument (-0.679697)
Error in <THistPainter::PaintInit>: log scale requested with a negative argument (-0.679697)
Error in <THistPainter::PaintInit>: log scale requested with a negative argument (-0.679697)
Info in <TCanvas::Print>: eps file /eos/user/d/dbhowmik/www/Analysis/Fit_DiPhotonTools/ntuples4fit_pho_2HDMa_ma150_WithHggBR_met0_met130/ntuples4fit_pho_2HDMa_ma150_WithHggBR_met0_met130_cic_default_shapes_lumi_41.529/tmp_bkg_fit_bkg_met0-130.eps has been created
gs: /cvmfs/cms.cern.ch/slc7_amd64_gcc630/cms/cmssw/CMSSW_9_4_9/external/slc7_amd64_gcc630/lib/libtiff.so.5: no version information available (required by /lib64/libgs.so.9)
Info in <TCanvas::SaveAs>: ROOT file /eos/user/d/dbhowmik/www/Analysis/Fit_DiPhotonTools/ntuples4fit_pho_2HDMa_ma150_WithHggBR_met0_met130/ntuples4fit_pho_2HDMa_ma150_WithHggBR_met0_met130_cic_default_shapes_lumi_41.529/bkg_fit_bkg_met0-130.root has been created
Fontconfig warning: ignoring UTF-8: not a valid region tag
Error in <TFile::WriteTObject>: Directory /afs/cern.ch/work/d/dbhowmik/public/Analysis/MHgg/2017Analysis/Fit_DiPhotonTools/CMSSW_9_4_9/src/diphotons/Analysis/macros/bands_met0-130.root is not writable
Error in <TFile::WriteTObject>: Directory /afs/cern.ch/work/d/dbhowmik/public/Analysis/MHgg/2017Analysis/Fit_DiPhotonTools/CMSSW_9_4_9/src/diphotons/Analysis/macros/bands_met0-130.root is not writable
Error in <TFile::WriteTObject>: Directory /afs/cern.ch/work/d/dbhowmik/public/Analysis/MHgg/2017Analysis/Fit_DiPhotonTools/CMSSW_9_4_9/src/diphotons/Analysis/macros/bands_met0-130.root is not writable
None
plotBkgFit called HERE 6
~~~~~~~~~~~~~~~~~~~~~~~~~~~~NDATA:  2868.0
~~~~~~~~~~~~~~~~~~~~~~~~~~~~Full Range:  2906.81524949  +/-  53.9148889407
~~~~~~~~~~~~~~~~~~~~~~~~~~~~Integral value SIG:  292.733613109  +/-  17.109459755
~~~~~~~~~~~~~~~~~~~~~~~~~~~~Integral value SB :  2436.81680254  +/-  49.3641246508
~~~~~~~~~~~~~~~~~~~~~~~~~~~~ALPHA:  0.120129511912  +/-  0.00743100469703
Plotting  model  bkg_met0-130 mgg None
Plotting dataset
Plotting pdf.... done
N= 38
0
105.0    107.0
1
107.0    109.0
2
109.0    111.0
3
111.0    113.0
4
113.0    115.0
5
115.0    117.0
6
117.0    119.0
7
119.0    121.0
8
121.0    123.0
9
123.0    125.0
10
125.0    127.0
11
127.0    129.0
12
129.0    131.0
13
131.0    133.0
14
133.0    135.0
15
135.0    137.0
16
137.0    139.0
17
139.0    141.0
18
141.0    143.0
19
143.0    145.0
20
145.0    147.0
21
147.0    149.0
22
149.0    151.0
23
151.0    153.0
24
153.0    155.0
25
155.0    157.0
26
157.0    159.0
27
159.0    161.0
28
161.0    163.0
29
163.0    165.0
30
165.0    167.0
31
167.0    169.0
32
169.0    171.0
33
171.0    173.0
34
173.0    175.0
35
175.0    177.0
36
177.0    179.0
37
179.0    181.0
Making fit error bands... computing error band ... 0 105.0 107.0 147.052579873 4.83605801173 4.83605801173
computing error band ... 10 125.0 127.0 93.6336793247 1.83945154464 1.83945154464
computing error band ... 20 145.0 147.0 63.7304474368 1.40404603775 1.40404603775
computing error band ... 30 165.0 167.0 45.5777821154 1.50465417779 1.50465417779
bands_met0-130.root
done
None
Here 38
106.0    106.0
108.0    108.0
110.0    110.0
112.0    112.0
114.0    114.0
116.0    116.0
118.0    118.0
120.0    120.0
122.0    122.0
124.0    124.0
126.0    126.0
128.0    128.0
130.0    130.0
132.0    132.0
134.0    134.0
136.0    136.0
138.0    138.0
140.0    140.0
142.0    142.0
144.0    144.0
146.0    146.0
148.0    148.0
150.0    150.0
152.0    152.0
154.0    154.0
156.0    156.0
158.0    158.0
160.0    160.0
162.0    162.0
164.0    164.0
166.0    166.0
168.0    168.0
170.0    170.0
172.0    172.0
174.0    174.0
176.0    176.0
178.0    178.0
180.0    180.0
-------------------------------------> ntuples4fit_pho_2HDMa_ma150_WithHggBR_met0_met130_cic_default_shapes_lumi_41.529
-------------------------------------------> 2868.0 39.1721415934 0.986341652164


plotBkgFit called HERE 7
~~~~~~~~~~~~~~~~~~~~~~~~~~~~NDATA:  2868.0
~~~~~~~~~~~~~~~~~~~~~~~~~~~~Full Range:  2906.81524949  +/-  53.9148889407
~~~~~~~~~~~~~~~~~~~~~~~~~~~~Integral value SIG:  292.733613109  +/-  17.109459755
~~~~~~~~~~~~~~~~~~~~~~~~~~~~Integral value SB :  2436.81680254  +/-  49.3641246508
~~~~~~~~~~~~~~~~~~~~~~~~~~~~ALPHA:  0.120129511912  +/-  0.00743100469703
Plotting  model  bkg_met0-130_lin mgg None
Plotting dataset
Plotting pdf.... done
N= 38
0
105.0    107.0
1
107.0    109.0
2
109.0    111.0
3
111.0    113.0
4
113.0    115.0
5
115.0    117.0
6
117.0    119.0
7
119.0    121.0
8
121.0    123.0
9
123.0    125.0
10
125.0    127.0
11
127.0    129.0
12
129.0    131.0
13
131.0    133.0
14
133.0    135.0
15
135.0    137.0
16
137.0    139.0
17
139.0    141.0
18
141.0    143.0
19
143.0    145.0
20
145.0    147.0
21
147.0    149.0
22
149.0    151.0
23
151.0    153.0
24
153.0    155.0
25
155.0    157.0
26
157.0    159.0
27
159.0    161.0
28
161.0    163.0
29
163.0    165.0
30
165.0    167.0
31
167.0    169.0
32
169.0    171.0
33
171.0    173.0
34
173.0    175.0
35
175.0    177.0
36
177.0    179.0
37
179.0    181.0
Making fit error bands... computing error band ... 0 105.0 107.0 147.052579873 4.83601669097 4.83601669097
computing error band ... 10 125.0 127.0 93.6336793247 1.8411155301 1.8411155301
computing error band ... 20 145.0 147.0 63.7304474368 1.40404586942 1.40404586942
computing error band ... 30 165.0 167.0 45.5777821154 1.50468970133 1.50468970133
bands_met0-130.root
done
None
Here 38
106.0    106.0
108.0    108.0
110.0    110.0
112.0    112.0
114.0    114.0
116.0    116.0
118.0    118.0
120.0    120.0
122.0    122.0
124.0    124.0
126.0    126.0
128.0    128.0
130.0    130.0
132.0    132.0
134.0    134.0
136.0    136.0
138.0    138.0Info in <TCanvas::Print>: eps file /eos/user/d/dbhowmik/www/Analysis/Fit_DiPhotonTools/ntuples4fit_pho_2HDMa_ma150_WithHggBR_met0_met130/ntuples4fit_pho_2HDMa_ma150_WithHggBR_met0_met130_cic_default_shapes_lumi_41.529/tmp_bkg_fit_bkg_met0-130_lin.eps has been created
gs: /cvmfs/cms.cern.ch/slc7_amd64_gcc630/cms/cmssw/CMSSW_9_4_9/external/slc7_amd64_gcc630/lib/libtiff.so.5: no version information available (required by /lib64/libgs.so.9)
Fontconfig warning: ignoring UTF-8: not a valid region tag
Info in <TCanvas::SaveAs>: ROOT file /eos/user/d/dbhowmik/www/Analysis/Fit_DiPhotonTools/ntuples4fit_pho_2HDMa_ma150_WithHggBR_met0_met130/ntuples4fit_pho_2HDMa_ma150_WithHggBR_met0_met130_cic_default_shapes_lumi_41.529/bkg_fit_bkg_met0-130_lin.root has been created

140.0    140.0
142.0    142.0
144.0    144.0
146.0    146.0
148.0    148.0
150.0    150.0
152.0    152.0
154.0    154.0
156.0    156.0
158.0    158.0
160.0    160.0
162.0    162.0
164.0    164.0
166.0    166.0
168.0    168.0
170.0    170.0
172.0    172.0
174.0    174.0
176.0    176.0
178.0    178.0
180.0    180.0
-------------------------------------> ntuples4fit_pho_2HDMa_ma150_WithHggBR_met0_met130_cic_default_shapes_lumi_41.529
-------------------------------------------> 2868.0 39.1721415934 0.986341652164


